0 info it worked if it ends with ok
1 verbose cli [ '/usr/bin/node', '/usr/bin/npm', 'install', '-g', 'json' ]
2 info using npm@3.5.2
3 info using node@v8.10.0
4 silly loadCurrentTree Starting
5 silly install loadCurrentTree
6 silly install readGlobalPackageData
7 silly fetchPackageMetaData json
8 silly fetchNamedPackageData json
9 silly mapToRegistry name json
10 silly mapToRegistry using default registry
11 silly mapToRegistry registry https://registry.npmjs.org/
12 silly mapToRegistry uri https://registry.npmjs.org/json
13 verbose request uri https://registry.npmjs.org/json
14 verbose request no auth needed
15 info attempt registry request try #1 at 5:55:26 PM
16 verbose request id 69aaf2cf889391d9
17 http request GET https://registry.npmjs.org/json
18 http 200 https://registry.npmjs.org/json
19 verbose headers { date: 'Sun, 01 Mar 2020 12:25:27 GMT',
19 verbose headers   'content-type': 'application/json; charset=UTF-8',
19 verbose headers   'transfer-encoding': 'chunked',
19 verbose headers   connection: 'keep-alive',
19 verbose headers   'set-cookie':
19 verbose headers    [ '__cfduid=dd122dc9aaeb1e89c270dccdebc37bbad1583065526; expires=Tue, 31-Mar-20 12:25:26 GMT; path=/; domain=.npmjs.org; HttpOnly; SameSite=Lax' ],
19 verbose headers   'cf-ray': '56d2dc562d79ddab-SIN',
19 verbose headers   'cache-control': 'public, max-age=300',
19 verbose headers   etag: 'W/"19e44fd61262321291be93cce214cad3"',
19 verbose headers   'last-modified': 'Sun, 27 May 2018 05:41:33 GMT',
19 verbose headers   vary: 'accept-encoding, accept',
19 verbose headers   'cf-cache-status': 'REVALIDATED',
19 verbose headers   'expect-ct': 'max-age=604800, report-uri="https://report-uri.cloudflare.com/cdn-cgi/beacon/expect-ct"',
19 verbose headers   server: 'cloudflare',
19 verbose headers   'content-encoding': 'gzip' }
20 silly get cb [ 200,
20 silly get   { date: 'Sun, 01 Mar 2020 12:25:27 GMT',
20 silly get     'content-type': 'application/json; charset=UTF-8',
20 silly get     'transfer-encoding': 'chunked',
20 silly get     connection: 'keep-alive',
20 silly get     'set-cookie':
20 silly get      [ '__cfduid=dd122dc9aaeb1e89c270dccdebc37bbad1583065526; expires=Tue, 31-Mar-20 12:25:26 GMT; path=/; domain=.npmjs.org; HttpOnly; SameSite=Lax' ],
20 silly get     'cf-ray': '56d2dc562d79ddab-SIN',
20 silly get     'cache-control': 'public, max-age=300',
20 silly get     etag: 'W/"19e44fd61262321291be93cce214cad3"',
20 silly get     'last-modified': 'Sun, 27 May 2018 05:41:33 GMT',
20 silly get     vary: 'accept-encoding, accept',
20 silly get     'cf-cache-status': 'REVALIDATED',
20 silly get     'expect-ct': 'max-age=604800, report-uri="https://report-uri.cloudflare.com/cdn-cgi/beacon/expect-ct"',
20 silly get     server: 'cloudflare',
20 silly get     'content-encoding': 'gzip' } ]
21 verbose get saving json to /home/aditya/.npm/registry.npmjs.org/json/.cache.json
22 silly install normalizeTree
23 silly loadCurrentTree Finishing
24 silly loadIdealTree Starting
25 silly install loadIdealTree
26 silly cloneCurrentTree Starting
27 silly install cloneCurrentTreeToIdealTree
28 silly cloneCurrentTree Finishing
29 silly loadShrinkwrap Starting
30 silly install loadShrinkwrap
31 silly loadShrinkwrap Finishing
32 silly loadAllDepsIntoIdealTree Starting
33 silly install loadAllDepsIntoIdealTree
34 silly resolveWithNewModule json@9.0.6 checking installable status
35 silly cache add args [ 'json', null ]
36 verbose cache add spec json
37 silly cache add parsed spec Result {
37 silly cache add   raw: 'json',
37 silly cache add   scope: null,
37 silly cache add   name: 'json',
37 silly cache add   rawSpec: '',
37 silly cache add   spec: 'latest',
37 silly cache add   type: 'tag' }
38 silly addNamed json@latest
39 verbose addNamed "latest" is being treated as a dist-tag for json
40 info addNameTag [ 'json', 'latest' ]
41 silly mapToRegistry name json
42 silly mapToRegistry using default registry
43 silly mapToRegistry registry https://registry.npmjs.org/
44 silly mapToRegistry uri https://registry.npmjs.org/json
45 verbose addNameTag registry:https://registry.npmjs.org/json not in flight; fetching
46 verbose get https://registry.npmjs.org/json not expired, no request
47 silly addNameTag next cb for json with tag latest
48 silly addNamed json@9.0.6
49 verbose addNamed "9.0.6" is a plain semver version for json
50 silly mapToRegistry name json
51 silly mapToRegistry using default registry
52 silly mapToRegistry registry https://registry.npmjs.org/
53 silly mapToRegistry uri https://registry.npmjs.org/json
54 verbose addRemoteTarball https://registry.npmjs.org/json/-/json-9.0.6.tgz not in flight; adding
55 verbose addRemoteTarball [ 'https://registry.npmjs.org/json/-/json-9.0.6.tgz',
55 verbose addRemoteTarball   '7972c2a5a48a42678db2730c7c2c4ee6e4e24585' ]
56 info retry fetch attempt 1 at 5:55:27 PM
57 info attempt registry request try #1 at 5:55:27 PM
58 http fetch GET https://registry.npmjs.org/json/-/json-9.0.6.tgz
59 http fetch 200 https://registry.npmjs.org/json/-/json-9.0.6.tgz
60 silly fetchAndShaCheck shasum 7972c2a5a48a42678db2730c7c2c4ee6e4e24585
61 verbose addTmpTarball /tmp/npm-22499-025f4ca1/registry.npmjs.org/json/-/json-9.0.6.tgz not in flight; adding
62 verbose addTmpTarball already have metadata; skipping unpack for json@9.0.6
63 silly cache afterAdd json@9.0.6
64 verbose afterAdd /home/aditya/.npm/json/9.0.6/package/package.json not in flight; writing
65 verbose afterAdd /home/aditya/.npm/json/9.0.6/package/package.json written
66 silly loadAllDepsIntoIdealTree Finishing
67 silly idealTree:prePrune lib
67 silly idealTree:prePrune `-- json@9.0.6
68 silly loadIdealTree Finishing
69 silly currentTree lib
70 silly idealTree lib
70 silly idealTree `-- json@9.0.6
71 silly generateActionsToTake Starting
72 silly install generateActionsToTake
73 warn checkPermissions Missing write access to /usr/local/lib/node_modules
74 silly rollbackFailedOptional Starting
75 silly rollbackFailedOptional Finishing
76 silly runTopLevelLifecycles Starting
77 silly runTopLevelLifecycles Finishing
78 silly install printInstalled
79 verbose stack Error: EACCES: permission denied, access '/usr/local/lib/node_modules'
80 verbose cwd /home/aditya/Documents/projects/src/app/srcipts
81 error Linux 5.3.0-40-generic
82 error argv "/usr/bin/node" "/usr/bin/npm" "install" "-g" "json"
83 error node v8.10.0
84 error npm  v3.5.2
85 error path /usr/local/lib/node_modules
86 error code EACCES
87 error errno -13
88 error syscall access
89 error Error: EACCES: permission denied, access '/usr/local/lib/node_modules'
89 error  { Error: EACCES: permission denied, access '/usr/local/lib/node_modules'
89 error   errno: -13,
89 error   code: 'EACCES',
89 error   syscall: 'access',
89 error   path: '/usr/local/lib/node_modules' }
90 error Please try running this command again as root/Administrator.
91 verbose exit [ -13, true ]
